<?xml version="1.0" encoding="UTF-8"?>
<testsuite xmlns:xsi="http://www.w3.org/2001/XMLSchema-instance" xsi:noNamespaceSchemaLocation="https://maven.apache.org/surefire/maven-surefire-plugin/xsd/surefire-test-report-3.0.xsd" version="3.0" name="com.teleport.truckplanner.TruckPlannerApplicationTests" time="7.086" tests="1" errors="0" skipped="0" failures="0">
  <properties>
[...]
</properties>
  <testcase name="contextLoads" classname="com.teleport.truckplanner.TruckPlannerApplicationTests" time="1.355">
    <system-out><![CDATA[22:49:04.873 [main] INFO org.springframework.test.context.support.AnnotationConfigContextLoaderUtils -- Could not detect default configuration classes for test class [com.teleport.truckplanner.TruckPlannerApplicationTests]: TruckPlannerApplicationTests does not declare any static, non-private, non-final, nested classes annotated with @Configuration.
22:49:05.128 [main] INFO org.springframework.boot.test.context.SpringBootTestContextBootstrapper -- Found @SpringBootConfiguration com.teleport.truckplanner.TruckPlannerApplication for test class com.teleport.truckplanner.TruckPlannerApplicationTests

  .   ____          _            __ _ _
 /\\ / ___'_ __ _ _(_)_ __  __ _ \ \ \ \
( ( )\___ | '_ | '_| | '_ \/ _` | \ \ \ \
 \\/  ___)| |_)| | | | | || (_| |  ) ) ) )
  '  |____| .__|_| |_|_| |_\__, | / / / /
 =========|_|==============|___/=/_/_/_/
 :: Spring Boot ::                (v3.2.4)

2026-04-24T22:49:05.872+05:30  INFO 20212 --- [truck-planner] [           main] c.t.t.TruckPlannerApplicationTests       : Starting TruckPlannerApplicationTests using Java 17.0.10 with PID 20212 (started by Admin in D:\TELEPORT\Teleport)
2026-04-24T22:49:05.876+05:30  INFO 20212 --- [truck-planner] [           main] c.t.t.TruckPlannerApplicationTests       : No active profile set, falling back to 1 default profile: "default"
2026-04-24T22:49:10.114+05:30  INFO 20212 --- [truck-planner] [           main] o.s.b.a.e.web.EndpointLinksResolver      : Exposing 2 endpoint(s) beneath base path '/actuator'
2026-04-24T22:49:10.193+05:30  INFO 20212 --- [truck-planner] [           main] c.t.t.TruckPlannerApplicationTests       : Started TruckPlannerApplicationTests in 4.809 seconds (process running for 7.221)
]]></system-out>
  </testcase>
</testsuite>